d:\documents\_abertay_uni\_game_tech_degree\year_1\semester_2\games_programming\assignment\coursework\cmp105app\x64\debug\vc142.pdb
d:\documents\_abertay_uni\_game_tech_degree\year_1\semester_2\games_programming\assignment\coursework\cmp105app\x64\debug\vc142.idb
d:\documents\_abertay_uni\_game_tech_degree\year_1\semester_2\games_programming\assignment\coursework\cmp105app\x64\debug\howtoplay.obj
d:\documents\_abertay_uni\_game_tech_degree\year_1\semester_2\games_programming\assignment\coursework\cmp105app\x64\debug\hitpoint.obj
d:\documents\_abertay_uni\_game_tech_degree\year_1\semester_2\games_programming\assignment\coursework\cmp105app\x64\debug\heart.obj
d:\documents\_abertay_uni\_game_tech_degree\year_1\semester_2\games_programming\assignment\coursework\cmp105app\x64\debug\groundspike.obj
d:\documents\_abertay_uni\_game_tech_degree\year_1\semester_2\games_programming\assignment\coursework\cmp105app\x64\debug\gameover.obj
d:\documents\_abertay_uni\_game_tech_degree\year_1\semester_2\games_programming\assignment\coursework\cmp105app\x64\debug\vector.obj
d:\documents\_abertay_uni\_game_tech_degree\year_1\semester_2\games_programming\assignment\coursework\cmp105app\x64\debug\tilemap.obj
d:\documents\_abertay_uni\_game_tech_degree\year_1\semester_2\games_programming\assignment\coursework\cmp105app\x64\debug\soundobject.obj
d:\documents\_abertay_uni\_game_tech_degree\year_1\semester_2\games_programming\assignment\coursework\cmp105app\x64\debug\gameobject.obj
d:\documents\_abertay_uni\_game_tech_degree\year_1\semester_2\games_programming\assignment\coursework\cmp105app\x64\debug\musicobject.obj
d:\documents\_abertay_uni\_game_tech_degree\year_1\semester_2\games_programming\assignment\coursework\cmp105app\x64\debug\input.obj
d:\documents\_abertay_uni\_game_tech_degree\year_1\semester_2\games_programming\assignment\coursework\cmp105app\x64\debug\gamestate.obj
d:\documents\_abertay_uni\_game_tech_degree\year_1\semester_2\games_programming\assignment\coursework\cmp105app\x64\debug\collision.obj
d:\documents\_abertay_uni\_game_tech_degree\year_1\semester_2\games_programming\assignment\coursework\cmp105app\x64\debug\audiomanager.obj
d:\documents\_abertay_uni\_game_tech_degree\year_1\semester_2\games_programming\assignment\coursework\cmp105app\x64\debug\animation.obj
d:\documents\_abertay_uni\_game_tech_degree\year_1\semester_2\games_programming\assignment\coursework\cmp105app\x64\debug\firetrap.obj
d:\documents\_abertay_uni\_game_tech_degree\year_1\semester_2\games_programming\assignment\coursework\cmp105app\x64\debug\firelamp.obj
d:\documents\_abertay_uni\_game_tech_degree\year_1\semester_2\games_programming\assignment\coursework\cmp105app\x64\debug\exitdoor.obj
d:\documents\_abertay_uni\_game_tech_degree\year_1\semester_2\games_programming\assignment\coursework\cmp105app\x64\debug\credits.obj
d:\documents\_abertay_uni\_game_tech_degree\year_1\semester_2\games_programming\assignment\coursework\cmp105app\x64\debug\coin.obj
d:\documents\_abertay_uni\_game_tech_degree\year_1\semester_2\games_programming\assignment\coursework\cmp105app\x64\debug\youescaped.obj
d:\documents\_abertay_uni\_game_tech_degree\year_1\semester_2\games_programming\assignment\coursework\cmp105app\x64\debug\youdied.obj
d:\documents\_abertay_uni\_game_tech_degree\year_1\semester_2\games_programming\assignment\coursework\cmp105app\x64\debug\uipanel.obj
d:\documents\_abertay_uni\_game_tech_degree\year_1\semester_2\games_programming\assignment\coursework\cmp105app\x64\debug\tilemapmanager.obj
d:\documents\_abertay_uni\_game_tech_degree\year_1\semester_2\games_programming\assignment\coursework\cmp105app\x64\debug\splash.obj
d:\documents\_abertay_uni\_game_tech_degree\year_1\semester_2\games_programming\assignment\coursework\cmp105app\x64\debug\screen.obj
d:\documents\_abertay_uni\_game_tech_degree\year_1\semester_2\games_programming\assignment\coursework\cmp105app\x64\debug\player.obj
d:\documents\_abertay_uni\_game_tech_degree\year_1\semester_2\games_programming\assignment\coursework\cmp105app\x64\debug\pause.obj
d:\documents\_abertay_uni\_game_tech_degree\year_1\semester_2\games_programming\assignment\coursework\cmp105app\x64\debug\options.obj
d:\documents\_abertay_uni\_game_tech_degree\year_1\semester_2\games_programming\assignment\coursework\cmp105app\x64\debug\menu.obj
d:\documents\_abertay_uni\_game_tech_degree\year_1\semester_2\games_programming\assignment\coursework\cmp105app\x64\debug\main.obj
d:\documents\_abertay_uni\_game_tech_degree\year_1\semester_2\games_programming\assignment\coursework\cmp105app\x64\debug\level.obj
d:\documents\_abertay_uni\_game_tech_degree\year_1\semester_2\games_programming\assignment\coursework\cmp105app\x64\debug\key.obj
d:\documents\_abertay_uni\_game_tech_degree\year_1\semester_2\games_programming\assignment\coursework\x64\debug\cmp105app.ilk
d:\documents\_abertay_uni\_game_tech_degree\year_1\semester_2\games_programming\assignment\coursework\x64\debug\cmp105app.exe
d:\documents\_abertay_uni\_game_tech_degree\year_1\semester_2\games_programming\assignment\coursework\x64\debug\cmp105app.pdb
d:\documents\_abertay_uni\_game_tech_degree\year_1\semester_2\games_programming\assignment\coursework\cmp105app\x64\debug\cmp105app.tlog\cl.command.1.tlog
d:\documents\_abertay_uni\_game_tech_degree\year_1\semester_2\games_programming\assignment\coursework\cmp105app\x64\debug\cmp105app.tlog\cl.read.1.tlog
d:\documents\_abertay_uni\_game_tech_degree\year_1\semester_2\games_programming\assignment\coursework\cmp105app\x64\debug\cmp105app.tlog\cl.write.1.tlog
d:\documents\_abertay_uni\_game_tech_degree\year_1\semester_2\games_programming\assignment\coursework\cmp105app\x64\debug\cmp105app.tlog\link.command.1.tlog
d:\documents\_abertay_uni\_game_tech_degree\year_1\semester_2\games_programming\assignment\coursework\cmp105app\x64\debug\cmp105app.tlog\link.read.1.tlog
d:\documents\_abertay_uni\_game_tech_degree\year_1\semester_2\games_programming\assignment\coursework\cmp105app\x64\debug\cmp105app.tlog\link.write.1.tlog
