  Level.cpp
D:\Documents\_Abertay_Uni\_Game_Tech_Degree\Year_1\Semester_2\Games_Programming\Assignment\Coursework\CMP105App\Level.cpp(24,62): warning C4244:  'argument': conversion from 'int' to 'T', possible loss of data
D:\Documents\_Abertay_Uni\_Game_Tech_Degree\Year_1\Semester_2\Games_Programming\Assignment\Coursework\CMP105App\Level.cpp(24,62): warning C4244:         with
D:\Documents\_Abertay_Uni\_Game_Tech_Degree\Year_1\Semester_2\Games_Programming\Assignment\Coursework\CMP105App\Level.cpp(24,62): warning C4244:         [
D:\Documents\_Abertay_Uni\_Game_Tech_Degree\Year_1\Semester_2\Games_Programming\Assignment\Coursework\CMP105App\Level.cpp(24,62): warning C4244:             T=float
D:\Documents\_Abertay_Uni\_Game_Tech_Degree\Year_1\Semester_2\Games_Programming\Assignment\Coursework\CMP105App\Level.cpp(24,62): warning C4244:         ]
D:\Documents\_Abertay_Uni\_Game_Tech_Degree\Year_1\Semester_2\Games_Programming\Assignment\Coursework\CMP105App\Level.cpp(24,42): warning C4244:  'argument': conversion from 'int' to 'T', possible loss of data
D:\Documents\_Abertay_Uni\_Game_Tech_Degree\Year_1\Semester_2\Games_Programming\Assignment\Coursework\CMP105App\Level.cpp(24,42): warning C4244:         with
D:\Documents\_Abertay_Uni\_Game_Tech_Degree\Year_1\Semester_2\Games_Programming\Assignment\Coursework\CMP105App\Level.cpp(24,42): warning C4244:         [
D:\Documents\_Abertay_Uni\_Game_Tech_Degree\Year_1\Semester_2\Games_Programming\Assignment\Coursework\CMP105App\Level.cpp(24,42): warning C4244:             T=float
D:\Documents\_Abertay_Uni\_Game_Tech_Degree\Year_1\Semester_2\Games_Programming\Assignment\Coursework\CMP105App\Level.cpp(24,42): warning C4244:         ]
D:\Documents\_Abertay_Uni\_Game_Tech_Degree\Year_1\Semester_2\Games_Programming\Assignment\Coursework\CMP105App\Level.cpp(98,55): warning C4244:  'argument': conversion from 'T' to 'T', possible loss of data
D:\Documents\_Abertay_Uni\_Game_Tech_Degree\Year_1\Semester_2\Games_Programming\Assignment\Coursework\CMP105App\Level.cpp(98,55): warning C4244:         with
D:\Documents\_Abertay_Uni\_Game_Tech_Degree\Year_1\Semester_2\Games_Programming\Assignment\Coursework\CMP105App\Level.cpp(98,55): warning C4244:         [
D:\Documents\_Abertay_Uni\_Game_Tech_Degree\Year_1\Semester_2\Games_Programming\Assignment\Coursework\CMP105App\Level.cpp(98,55): warning C4244:             T=unsigned int
D:\Documents\_Abertay_Uni\_Game_Tech_Degree\Year_1\Semester_2\Games_Programming\Assignment\Coursework\CMP105App\Level.cpp(98,55): warning C4244:         ]
D:\Documents\_Abertay_Uni\_Game_Tech_Degree\Year_1\Semester_2\Games_Programming\Assignment\Coursework\CMP105App\Level.cpp(98,55): warning C4244:         and
D:\Documents\_Abertay_Uni\_Game_Tech_Degree\Year_1\Semester_2\Games_Programming\Assignment\Coursework\CMP105App\Level.cpp(98,55): warning C4244:         [
D:\Documents\_Abertay_Uni\_Game_Tech_Degree\Year_1\Semester_2\Games_Programming\Assignment\Coursework\CMP105App\Level.cpp(98,55): warning C4244:             T=float
D:\Documents\_Abertay_Uni\_Game_Tech_Degree\Year_1\Semester_2\Games_Programming\Assignment\Coursework\CMP105App\Level.cpp(98,55): warning C4244:         ]
D:\Documents\_Abertay_Uni\_Game_Tech_Degree\Year_1\Semester_2\Games_Programming\Assignment\Coursework\CMP105App\Level.cpp(146,62): warning C4244:  'argument': conversion from 'int' to 'T', possible loss of data
D:\Documents\_Abertay_Uni\_Game_Tech_Degree\Year_1\Semester_2\Games_Programming\Assignment\Coursework\CMP105App\Level.cpp(146,62): warning C4244:         with
D:\Documents\_Abertay_Uni\_Game_Tech_Degree\Year_1\Semester_2\Games_Programming\Assignment\Coursework\CMP105App\Level.cpp(146,62): warning C4244:         [
D:\Documents\_Abertay_Uni\_Game_Tech_Degree\Year_1\Semester_2\Games_Programming\Assignment\Coursework\CMP105App\Level.cpp(146,62): warning C4244:             T=float
D:\Documents\_Abertay_Uni\_Game_Tech_Degree\Year_1\Semester_2\Games_Programming\Assignment\Coursework\CMP105App\Level.cpp(146,62): warning C4244:         ]
D:\Documents\_Abertay_Uni\_Game_Tech_Degree\Year_1\Semester_2\Games_Programming\Assignment\Coursework\CMP105App\Level.cpp(146,42): warning C4244:  'argument': conversion from 'int' to 'T', possible loss of data
D:\Documents\_Abertay_Uni\_Game_Tech_Degree\Year_1\Semester_2\Games_Programming\Assignment\Coursework\CMP105App\Level.cpp(146,42): warning C4244:         with
D:\Documents\_Abertay_Uni\_Game_Tech_Degree\Year_1\Semester_2\Games_Programming\Assignment\Coursework\CMP105App\Level.cpp(146,42): warning C4244:         [
D:\Documents\_Abertay_Uni\_Game_Tech_Degree\Year_1\Semester_2\Games_Programming\Assignment\Coursework\CMP105App\Level.cpp(146,42): warning C4244:             T=float
D:\Documents\_Abertay_Uni\_Game_Tech_Degree\Year_1\Semester_2\Games_Programming\Assignment\Coursework\CMP105App\Level.cpp(146,42): warning C4244:         ]
D:\Documents\_Abertay_Uni\_Game_Tech_Degree\Year_1\Semester_2\Games_Programming\Assignment\Coursework\CMP105App\Level.cpp(731,55): warning C4244:  'argument': conversion from 'int' to 'T', possible loss of data
D:\Documents\_Abertay_Uni\_Game_Tech_Degree\Year_1\Semester_2\Games_Programming\Assignment\Coursework\CMP105App\Level.cpp(731,55): warning C4244:         with
D:\Documents\_Abertay_Uni\_Game_Tech_Degree\Year_1\Semester_2\Games_Programming\Assignment\Coursework\CMP105App\Level.cpp(731,55): warning C4244:         [
D:\Documents\_Abertay_Uni\_Game_Tech_Degree\Year_1\Semester_2\Games_Programming\Assignment\Coursework\CMP105App\Level.cpp(731,55): warning C4244:             T=float
D:\Documents\_Abertay_Uni\_Game_Tech_Degree\Year_1\Semester_2\Games_Programming\Assignment\Coursework\CMP105App\Level.cpp(731,55): warning C4244:         ]
D:\Documents\_Abertay_Uni\_Game_Tech_Degree\Year_1\Semester_2\Games_Programming\Assignment\Coursework\CMP105App\Level.cpp(746,56): warning C4244:  'argument': conversion from 'int' to 'T', possible loss of data
D:\Documents\_Abertay_Uni\_Game_Tech_Degree\Year_1\Semester_2\Games_Programming\Assignment\Coursework\CMP105App\Level.cpp(746,56): warning C4244:         with
D:\Documents\_Abertay_Uni\_Game_Tech_Degree\Year_1\Semester_2\Games_Programming\Assignment\Coursework\CMP105App\Level.cpp(746,56): warning C4244:         [
D:\Documents\_Abertay_Uni\_Game_Tech_Degree\Year_1\Semester_2\Games_Programming\Assignment\Coursework\CMP105App\Level.cpp(746,56): warning C4244:             T=float
D:\Documents\_Abertay_Uni\_Game_Tech_Degree\Year_1\Semester_2\Games_Programming\Assignment\Coursework\CMP105App\Level.cpp(746,56): warning C4244:         ]
D:\Documents\_Abertay_Uni\_Game_Tech_Degree\Year_1\Semester_2\Games_Programming\Assignment\Coursework\CMP105App\Level.cpp(761,55): warning C4244:  'argument': conversion from 'int' to 'T', possible loss of data
D:\Documents\_Abertay_Uni\_Game_Tech_Degree\Year_1\Semester_2\Games_Programming\Assignment\Coursework\CMP105App\Level.cpp(761,55): warning C4244:         with
D:\Documents\_Abertay_Uni\_Game_Tech_Degree\Year_1\Semester_2\Games_Programming\Assignment\Coursework\CMP105App\Level.cpp(761,55): warning C4244:         [
D:\Documents\_Abertay_Uni\_Game_Tech_Degree\Year_1\Semester_2\Games_Programming\Assignment\Coursework\CMP105App\Level.cpp(761,55): warning C4244:             T=float
D:\Documents\_Abertay_Uni\_Game_Tech_Degree\Year_1\Semester_2\Games_Programming\Assignment\Coursework\CMP105App\Level.cpp(761,55): warning C4244:         ]
D:\Documents\_Abertay_Uni\_Game_Tech_Degree\Year_1\Semester_2\Games_Programming\Assignment\Coursework\CMP105App\Level.cpp(776,56): warning C4244:  'argument': conversion from 'int' to 'T', possible loss of data
D:\Documents\_Abertay_Uni\_Game_Tech_Degree\Year_1\Semester_2\Games_Programming\Assignment\Coursework\CMP105App\Level.cpp(776,56): warning C4244:         with
D:\Documents\_Abertay_Uni\_Game_Tech_Degree\Year_1\Semester_2\Games_Programming\Assignment\Coursework\CMP105App\Level.cpp(776,56): warning C4244:         [
D:\Documents\_Abertay_Uni\_Game_Tech_Degree\Year_1\Semester_2\Games_Programming\Assignment\Coursework\CMP105App\Level.cpp(776,56): warning C4244:             T=float
D:\Documents\_Abertay_Uni\_Game_Tech_Degree\Year_1\Semester_2\Games_Programming\Assignment\Coursework\CMP105App\Level.cpp(776,56): warning C4244:         ]
D:\Documents\_Abertay_Uni\_Game_Tech_Degree\Year_1\Semester_2\Games_Programming\Assignment\Coursework\CMP105App\Level.cpp(961,45): warning C4244:  'argument': conversion from 'float' to 'sf::Uint8', possible loss of data
  CMP105App.vcxproj -> D:\Documents\_Abertay_Uni\_Game_Tech_Degree\Year_1\Semester_2\Games_Programming\Assignment\Coursework\x64\Debug\CMP105App.exe
