d:\documents\_abertay_uni\_game_tech_degree\year_1\semester_2\games_programming\assignment\coursework\cmp105app\x64\release\vc142.pdb
d:\documents\_abertay_uni\_game_tech_degree\year_1\semester_2\games_programming\assignment\coursework\cmp105app\x64\release\howtoplay.obj
d:\documents\_abertay_uni\_game_tech_degree\year_1\semester_2\games_programming\assignment\coursework\cmp105app\x64\release\hitpoint.obj
d:\documents\_abertay_uni\_game_tech_degree\year_1\semester_2\games_programming\assignment\coursework\cmp105app\x64\release\heart.obj
d:\documents\_abertay_uni\_game_tech_degree\year_1\semester_2\games_programming\assignment\coursework\cmp105app\x64\release\groundspike.obj
d:\documents\_abertay_uni\_game_tech_degree\year_1\semester_2\games_programming\assignment\coursework\cmp105app\x64\release\gameover.obj
d:\documents\_abertay_uni\_game_tech_degree\year_1\semester_2\games_programming\assignment\coursework\cmp105app\x64\release\vector.obj
d:\documents\_abertay_uni\_game_tech_degree\year_1\semester_2\games_programming\assignment\coursework\cmp105app\x64\release\tilemap.obj
d:\documents\_abertay_uni\_game_tech_degree\year_1\semester_2\games_programming\assignment\coursework\cmp105app\x64\release\soundobject.obj
d:\documents\_abertay_uni\_game_tech_degree\year_1\semester_2\games_programming\assignment\coursework\cmp105app\x64\release\gameobject.obj
d:\documents\_abertay_uni\_game_tech_degree\year_1\semester_2\games_programming\assignment\coursework\cmp105app\x64\release\musicobject.obj
d:\documents\_abertay_uni\_game_tech_degree\year_1\semester_2\games_programming\assignment\coursework\cmp105app\x64\release\input.obj
d:\documents\_abertay_uni\_game_tech_degree\year_1\semester_2\games_programming\assignment\coursework\cmp105app\x64\release\gamestate.obj
d:\documents\_abertay_uni\_game_tech_degree\year_1\semester_2\games_programming\assignment\coursework\cmp105app\x64\release\collision.obj
d:\documents\_abertay_uni\_game_tech_degree\year_1\semester_2\games_programming\assignment\coursework\cmp105app\x64\release\audiomanager.obj
d:\documents\_abertay_uni\_game_tech_degree\year_1\semester_2\games_programming\assignment\coursework\cmp105app\x64\release\animation.obj
d:\documents\_abertay_uni\_game_tech_degree\year_1\semester_2\games_programming\assignment\coursework\cmp105app\x64\release\firetrap.obj
d:\documents\_abertay_uni\_game_tech_degree\year_1\semester_2\games_programming\assignment\coursework\cmp105app\x64\release\firelamp.obj
d:\documents\_abertay_uni\_game_tech_degree\year_1\semester_2\games_programming\assignment\coursework\cmp105app\x64\release\exitdoor.obj
d:\documents\_abertay_uni\_game_tech_degree\year_1\semester_2\games_programming\assignment\coursework\cmp105app\x64\release\credits.obj
d:\documents\_abertay_uni\_game_tech_degree\year_1\semester_2\games_programming\assignment\coursework\cmp105app\x64\release\coin.obj
d:\documents\_abertay_uni\_game_tech_degree\year_1\semester_2\games_programming\assignment\coursework\cmp105app\x64\release\youescaped.obj
d:\documents\_abertay_uni\_game_tech_degree\year_1\semester_2\games_programming\assignment\coursework\cmp105app\x64\release\youdied.obj
d:\documents\_abertay_uni\_game_tech_degree\year_1\semester_2\games_programming\assignment\coursework\cmp105app\x64\release\uipanel.obj
d:\documents\_abertay_uni\_game_tech_degree\year_1\semester_2\games_programming\assignment\coursework\cmp105app\x64\release\tilemapmanager.obj
d:\documents\_abertay_uni\_game_tech_degree\year_1\semester_2\games_programming\assignment\coursework\cmp105app\x64\release\splash.obj
d:\documents\_abertay_uni\_game_tech_degree\year_1\semester_2\games_programming\assignment\coursework\cmp105app\x64\release\screen.obj
d:\documents\_abertay_uni\_game_tech_degree\year_1\semester_2\games_programming\assignment\coursework\cmp105app\x64\release\player.obj
d:\documents\_abertay_uni\_game_tech_degree\year_1\semester_2\games_programming\assignment\coursework\cmp105app\x64\release\pause.obj
d:\documents\_abertay_uni\_game_tech_degree\year_1\semester_2\games_programming\assignment\coursework\cmp105app\x64\release\options.obj
d:\documents\_abertay_uni\_game_tech_degree\year_1\semester_2\games_programming\assignment\coursework\cmp105app\x64\release\menu.obj
d:\documents\_abertay_uni\_game_tech_degree\year_1\semester_2\games_programming\assignment\coursework\cmp105app\x64\release\main.obj
d:\documents\_abertay_uni\_game_tech_degree\year_1\semester_2\games_programming\assignment\coursework\cmp105app\x64\release\level.obj
d:\documents\_abertay_uni\_game_tech_degree\year_1\semester_2\games_programming\assignment\coursework\cmp105app\x64\release\key.obj
d:\documents\_abertay_uni\_game_tech_degree\year_1\semester_2\games_programming\assignment\coursework\x64\release\cmp105app.ipdb
d:\documents\_abertay_uni\_game_tech_degree\year_1\semester_2\games_programming\assignment\coursework\x64\release\cmp105app.iobj
d:\documents\_abertay_uni\_game_tech_degree\year_1\semester_2\games_programming\assignment\coursework\x64\release\cmp105app.exe
d:\documents\_abertay_uni\_game_tech_degree\year_1\semester_2\games_programming\assignment\coursework\x64\release\cmp105app.pdb
d:\documents\_abertay_uni\_game_tech_degree\year_1\semester_2\games_programming\assignment\coursework\cmp105app\x64\release\cmp105app.tlog\cl.command.1.tlog
d:\documents\_abertay_uni\_game_tech_degree\year_1\semester_2\games_programming\assignment\coursework\cmp105app\x64\release\cmp105app.tlog\cl.read.1.tlog
d:\documents\_abertay_uni\_game_tech_degree\year_1\semester_2\games_programming\assignment\coursework\cmp105app\x64\release\cmp105app.tlog\cl.write.1.tlog
d:\documents\_abertay_uni\_game_tech_degree\year_1\semester_2\games_programming\assignment\coursework\cmp105app\x64\release\cmp105app.tlog\cmp105app.write.1u.tlog
d:\documents\_abertay_uni\_game_tech_degree\year_1\semester_2\games_programming\assignment\coursework\cmp105app\x64\release\cmp105app.tlog\link.command.1.tlog
d:\documents\_abertay_uni\_game_tech_degree\year_1\semester_2\games_programming\assignment\coursework\cmp105app\x64\release\cmp105app.tlog\link.delete.1.tlog
d:\documents\_abertay_uni\_game_tech_degree\year_1\semester_2\games_programming\assignment\coursework\cmp105app\x64\release\cmp105app.tlog\link.read.1.tlog
d:\documents\_abertay_uni\_game_tech_degree\year_1\semester_2\games_programming\assignment\coursework\cmp105app\x64\release\cmp105app.tlog\link.write.1.tlog
